2024-12-03T17:59:17.895Z info: Server is running on port 8080
2024-12-03T17:59:18.183Z info: Executing (default): SELECT 1+1 AS result
2024-12-03T17:59:18.210Z info: Database connection established successfully.
2024-12-03T17:59:18.212Z info: Executing (default): SELECT TABLE_NAME, TABLE_SCHEMA FROM INFORMATION_SCHEMA.TABLES WHERE TABLE_TYPE = 'BASE TABLE' AND TABLE_NAME = N'GameroomTypes' AND TABLE_SCHEMA = N'dbo'
2024-12-03T17:59:18.246Z info: Executing (default): SELECT c.COLUMN_NAME AS 'Name', c.DATA_TYPE AS 'Type', c.CHARACTER_MAXIMUM_LENGTH AS 'Length', c.IS_NULLABLE as 'IsNull', COLUMN_DEFAULT AS 'Default', pk.CONSTRAINT_TYPE AS 'Constraint', COLUMNPROPERTY(OBJECT_ID('[' + c.TABLE_SCHEMA + '].[' + c.TABLE_NAME + ']'), c.COLUMN_NAME, 'IsIdentity') as 'IsIdentity', CAST(prop.value AS NVARCHAR) AS 'Comment' FROM INFORMATION_SCHEMA.TABLES t INNER JOIN INFORMATION_SCHEMA.COLUMNS c ON t.TABLE_NAME = c.TABLE_NAME AND t.TABLE_SCHEMA = c.TABLE_SCHEMA LEFT JOIN (SELECT tc.table_schema, tc.table_name,  cu.column_name, tc.CONSTRAINT_TYPE  FROM INFORMATION_SCHEMA.TABLE_CONSTRAINTS tc  JOIN INFORMATION_SCHEMA.KEY_COLUMN_USAGE  cu  ON tc.table_schema=cu.table_schema and tc.table_name=cu.table_name  and tc.constraint_name=cu.constraint_name  and tc.CONSTRAINT_TYPE='PRIMARY KEY') pk  ON pk.table_schema=c.table_schema  AND pk.table_name=c.table_name  AND pk.column_name=c.column_name  INNER JOIN sys.columns AS sc ON sc.object_id = OBJECT_ID('[' + t.TABLE_SCHEMA + '].[' + t.TABLE_NAME + ']') AND sc.name = c.column_name LEFT JOIN sys.extended_properties prop ON prop.major_id = sc.object_id AND prop.minor_id = sc.column_id AND prop.name = 'MS_Description' WHERE t.TABLE_NAME = 'GameroomTypes'
2024-12-03T17:59:18.302Z info: Executing (default): SELECT constraint_name = OBJ.NAME, constraintName = OBJ.NAME, constraintCatalog = 'games', constraintSchema = SCHEMA_NAME(OBJ.SCHEMA_ID), tableName = TB.NAME, tableSchema = SCHEMA_NAME(TB.SCHEMA_ID), tableCatalog = 'games', columnName = COL.NAME, referencedTableSchema = SCHEMA_NAME(RTB.SCHEMA_ID), referencedCatalog = 'games', referencedTableName = RTB.NAME, referencedColumnName = RCOL.NAME FROM sys.foreign_key_columns FKC INNER JOIN sys.objects OBJ ON OBJ.OBJECT_ID = FKC.CONSTRAINT_OBJECT_ID INNER JOIN sys.tables TB ON TB.OBJECT_ID = FKC.PARENT_OBJECT_ID INNER JOIN sys.columns COL ON COL.COLUMN_ID = PARENT_COLUMN_ID AND COL.OBJECT_ID = TB.OBJECT_ID INNER JOIN sys.tables RTB ON RTB.OBJECT_ID = FKC.REFERENCED_OBJECT_ID INNER JOIN sys.columns RCOL ON RCOL.COLUMN_ID = REFERENCED_COLUMN_ID AND RCOL.OBJECT_ID = RTB.OBJECT_ID WHERE TB.NAME ='GameroomTypes'
2024-12-03T17:59:18.341Z info: Executing (default): ALTER TABLE [GameroomTypes] ALTER COLUMN [roomtypeCode] NVARCHAR(10) NOT NULL;
2024-12-03T17:59:18.373Z info: Executing (default): ALTER TABLE [GameroomTypes] ALTER COLUMN [roomDescription] NVARCHAR(100) NOT NULL;
2024-12-03T17:59:18.408Z info: Executing (default): ALTER TABLE [GameroomTypes] ALTER COLUMN [createdAt] DATETIMEOFFSET NOT NULL;
2024-12-03T17:59:18.440Z info: Executing (default): ALTER TABLE [GameroomTypes] ALTER COLUMN [updatedAt] DATETIMEOFFSET NOT NULL;
2024-12-03T17:59:18.472Z info: Executing (default): EXEC sys.sp_helpindex @objname = N'[GameroomTypes]';
2024-12-03T17:59:18.502Z info: Executing (default): SELECT TABLE_NAME, TABLE_SCHEMA FROM INFORMATION_SCHEMA.TABLES WHERE TABLE_TYPE = 'BASE TABLE' AND TABLE_NAME = N'Games' AND TABLE_SCHEMA = N'dbo'
2024-12-03T17:59:18.527Z info: Executing (default): SELECT c.COLUMN_NAME AS 'Name', c.DATA_TYPE AS 'Type', c.CHARACTER_MAXIMUM_LENGTH AS 'Length', c.IS_NULLABLE as 'IsNull', COLUMN_DEFAULT AS 'Default', pk.CONSTRAINT_TYPE AS 'Constraint', COLUMNPROPERTY(OBJECT_ID('[' + c.TABLE_SCHEMA + '].[' + c.TABLE_NAME + ']'), c.COLUMN_NAME, 'IsIdentity') as 'IsIdentity', CAST(prop.value AS NVARCHAR) AS 'Comment' FROM INFORMATION_SCHEMA.TABLES t INNER JOIN INFORMATION_SCHEMA.COLUMNS c ON t.TABLE_NAME = c.TABLE_NAME AND t.TABLE_SCHEMA = c.TABLE_SCHEMA LEFT JOIN (SELECT tc.table_schema, tc.table_name,  cu.column_name, tc.CONSTRAINT_TYPE  FROM INFORMATION_SCHEMA.TABLE_CONSTRAINTS tc  JOIN INFORMATION_SCHEMA.KEY_COLUMN_USAGE  cu  ON tc.table_schema=cu.table_schema and tc.table_name=cu.table_name  and tc.constraint_name=cu.constraint_name  and tc.CONSTRAINT_TYPE='PRIMARY KEY') pk  ON pk.table_schema=c.table_schema  AND pk.table_name=c.table_name  AND pk.column_name=c.column_name  INNER JOIN sys.columns AS sc ON sc.object_id = OBJECT_ID('[' + t.TABLE_SCHEMA + '].[' + t.TABLE_NAME + ']') AND sc.name = c.column_name LEFT JOIN sys.extended_properties prop ON prop.major_id = sc.object_id AND prop.minor_id = sc.column_id AND prop.name = 'MS_Description' WHERE t.TABLE_NAME = 'Games'
2024-12-03T17:59:18.528Z info: Executing (default): SELECT constraint_name = OBJ.NAME, constraintName = OBJ.NAME, constraintCatalog = 'games', constraintSchema = SCHEMA_NAME(OBJ.SCHEMA_ID), tableName = TB.NAME, tableSchema = SCHEMA_NAME(TB.SCHEMA_ID), tableCatalog = 'games', columnName = COL.NAME, referencedTableSchema = SCHEMA_NAME(RTB.SCHEMA_ID), referencedCatalog = 'games', referencedTableName = RTB.NAME, referencedColumnName = RCOL.NAME FROM sys.foreign_key_columns FKC INNER JOIN sys.objects OBJ ON OBJ.OBJECT_ID = FKC.CONSTRAINT_OBJECT_ID INNER JOIN sys.tables TB ON TB.OBJECT_ID = FKC.PARENT_OBJECT_ID INNER JOIN sys.columns COL ON COL.COLUMN_ID = PARENT_COLUMN_ID AND COL.OBJECT_ID = TB.OBJECT_ID INNER JOIN sys.tables RTB ON RTB.OBJECT_ID = FKC.REFERENCED_OBJECT_ID INNER JOIN sys.columns RCOL ON RCOL.COLUMN_ID = REFERENCED_COLUMN_ID AND RCOL.OBJECT_ID = RTB.OBJECT_ID WHERE TB.NAME ='Games'
2024-12-03T17:59:18.603Z info: Executing (default): ALTER TABLE [Games] ALTER COLUMN [gameCode] NVARCHAR(20) NULL;
2024-12-03T17:59:18.633Z info: Executing (default): ALTER TABLE [Games] ALTER COLUMN [gameName] NVARCHAR(100) NULL;
2024-12-03T17:59:18.663Z info: Executing (default): ALTER TABLE [Games] ALTER COLUMN [backgroundImage] NVARCHAR(500) NULL;
2024-12-03T17:59:18.694Z info: Executing (default): ALTER TABLE [Games] ALTER COLUMN [gameDescription] NVARCHAR(MAX) NULL;
2024-12-03T17:59:18.723Z info: Executing (default): ALTER TABLE [Games] ALTER COLUMN [createdAt] DATETIMEOFFSET NOT NULL;
2024-12-03T17:59:18.751Z info: Executing (default): ALTER TABLE [Games] ALTER COLUMN [updatedAt] DATETIMEOFFSET NOT NULL;
2024-12-03T17:59:18.779Z info: Executing (default): ALTER TABLE [Games] ALTER COLUMN [releaseDate] DATETIMEOFFSET NULL;
2024-12-03T17:59:18.808Z info: Executing (default): ALTER TABLE [Games] ALTER COLUMN [genre] NVARCHAR(100) NULL;
2024-12-03T17:59:18.835Z info: Executing (default): ALTER TABLE [Games] ALTER COLUMN [platforms] NVARCHAR(100) NULL;
2024-12-03T17:59:18.863Z info: Executing (default): ALTER TABLE [Games] ALTER COLUMN [MaxPlayers] INTEGER NOT NULL;
2024-12-03T17:59:18.893Z info: Executing (default): ALTER TABLE [Games] ALTER COLUMN [IpAddress] NVARCHAR(255) NOT NULL;
2024-12-03T17:59:18.919Z info: Executing (default): ALTER TABLE [Games] ALTER COLUMN [LocalPort] INTEGER NOT NULL;
2024-12-03T17:59:18.947Z info: Executing (default): ALTER TABLE [Games] ALTER COLUMN [RemotePort] INTEGER NOT NULL;
2024-12-03T17:59:18.975Z info: Executing (default): ALTER TABLE [Games] ALTER COLUMN [SocketBReceiverPort] INTEGER NOT NULL;
2024-12-03T17:59:19.005Z info: Executing (default): ALTER TABLE [Games] ALTER COLUMN [NoOfControllers] INTEGER NOT NULL;
2024-12-03T17:59:19.033Z info: Executing (default): ALTER TABLE [Games] ALTER COLUMN [NoofLedPerdevice] INTEGER NOT NULL;
2024-12-03T17:59:19.065Z info: Executing (default): ALTER TABLE [Games] ALTER COLUMN [columns] INTEGER NULL;
2024-12-03T17:59:19.093Z info: Executing (default): ALTER TABLE [Games] ALTER COLUMN [SmartPlugip] NVARCHAR(20) NULL;
2024-12-03T17:59:19.121Z info: Executing (default): EXEC sys.sp_helpindex @objname = N'[Games]';
2024-12-03T17:59:19.160Z info: Executing (default): SELECT TABLE_NAME, TABLE_SCHEMA FROM INFORMATION_SCHEMA.TABLES WHERE TABLE_TYPE = 'BASE TABLE' AND TABLE_NAME = N'GamesVariants' AND TABLE_SCHEMA = N'dbo'
2024-12-03T17:59:19.191Z info: Executing (default): SELECT c.COLUMN_NAME AS 'Name', c.DATA_TYPE AS 'Type', c.CHARACTER_MAXIMUM_LENGTH AS 'Length', c.IS_NULLABLE as 'IsNull', COLUMN_DEFAULT AS 'Default', pk.CONSTRAINT_TYPE AS 'Constraint', COLUMNPROPERTY(OBJECT_ID('[' + c.TABLE_SCHEMA + '].[' + c.TABLE_NAME + ']'), c.COLUMN_NAME, 'IsIdentity') as 'IsIdentity', CAST(prop.value AS NVARCHAR) AS 'Comment' FROM INFORMATION_SCHEMA.TABLES t INNER JOIN INFORMATION_SCHEMA.COLUMNS c ON t.TABLE_NAME = c.TABLE_NAME AND t.TABLE_SCHEMA = c.TABLE_SCHEMA LEFT JOIN (SELECT tc.table_schema, tc.table_name,  cu.column_name, tc.CONSTRAINT_TYPE  FROM INFORMATION_SCHEMA.TABLE_CONSTRAINTS tc  JOIN INFORMATION_SCHEMA.KEY_COLUMN_USAGE  cu  ON tc.table_schema=cu.table_schema and tc.table_name=cu.table_name  and tc.constraint_name=cu.constraint_name  and tc.CONSTRAINT_TYPE='PRIMARY KEY') pk  ON pk.table_schema=c.table_schema  AND pk.table_name=c.table_name  AND pk.column_name=c.column_name  INNER JOIN sys.columns AS sc ON sc.object_id = OBJECT_ID('[' + t.TABLE_SCHEMA + '].[' + t.TABLE_NAME + ']') AND sc.name = c.column_name LEFT JOIN sys.extended_properties prop ON prop.major_id = sc.object_id AND prop.minor_id = sc.column_id AND prop.name = 'MS_Description' WHERE t.TABLE_NAME = 'GamesVariants'
2024-12-03T17:59:19.192Z info: Executing (default): SELECT constraint_name = OBJ.NAME, constraintName = OBJ.NAME, constraintCatalog = 'games', constraintSchema = SCHEMA_NAME(OBJ.SCHEMA_ID), tableName = TB.NAME, tableSchema = SCHEMA_NAME(TB.SCHEMA_ID), tableCatalog = 'games', columnName = COL.NAME, referencedTableSchema = SCHEMA_NAME(RTB.SCHEMA_ID), referencedCatalog = 'games', referencedTableName = RTB.NAME, referencedColumnName = RCOL.NAME FROM sys.foreign_key_columns FKC INNER JOIN sys.objects OBJ ON OBJ.OBJECT_ID = FKC.CONSTRAINT_OBJECT_ID INNER JOIN sys.tables TB ON TB.OBJECT_ID = FKC.PARENT_OBJECT_ID INNER JOIN sys.columns COL ON COL.COLUMN_ID = PARENT_COLUMN_ID AND COL.OBJECT_ID = TB.OBJECT_ID INNER JOIN sys.tables RTB ON RTB.OBJECT_ID = FKC.REFERENCED_OBJECT_ID INNER JOIN sys.columns RCOL ON RCOL.COLUMN_ID = REFERENCED_COLUMN_ID AND RCOL.OBJECT_ID = RTB.OBJECT_ID WHERE TB.NAME ='GamesVariants'
2024-12-03T17:59:19.268Z info: Executing (default): ALTER TABLE [GamesVariants] ALTER COLUMN [name] NVARCHAR(100) NOT NULL;
2024-12-03T17:59:19.307Z info: Executing (default): ALTER TABLE [GamesVariants] ALTER COLUMN [variantDescription] NVARCHAR(MAX) NULL;
2024-12-03T17:59:19.333Z info: Executing (default): ALTER TABLE [GamesVariants] ALTER COLUMN [Levels] NVARCHAR(MAX) NULL;
2024-12-03T17:59:19.363Z info: Executing (default): ALTER TABLE [GamesVariants] ALTER COLUMN [BackgroundImage] NVARCHAR(500) NULL;
2024-12-03T17:59:19.385Z info: Executing (default): ALTER TABLE [GamesVariants] ALTER COLUMN [iconImage] NVARCHAR(500) NULL;
2024-12-03T17:59:19.418Z info: Executing (default): ALTER TABLE [GamesVariants] ALTER COLUMN [video] NVARCHAR(500) NULL;
2024-12-03T17:59:19.446Z info: Executing (default): ALTER TABLE [GamesVariants] ALTER COLUMN [instructions] NVARCHAR(MAX) NULL;
2024-12-03T17:59:19.476Z info: Executing (default): ALTER TABLE [GamesVariants] DROP CONSTRAINT [FK__GamesVari__GameI__61274A53]
2024-12-03T17:59:19.507Z info: Executing (default): ALTER TABLE [GamesVariants] ADD FOREIGN KEY ([GameId]) REFERENCES [Games] ([GameID]) ON DELETE CASCADE;
2024-12-03T17:59:19.539Z info: Executing (default): ALTER TABLE [GamesVariants] ALTER COLUMN [createdAt] DATETIMEOFFSET NOT NULL;
2024-12-03T17:59:19.568Z info: Executing (default): ALTER TABLE [GamesVariants] ALTER COLUMN [updatedAt] DATETIMEOFFSET NOT NULL;
2024-12-03T17:59:19.600Z info: Executing (default): ALTER TABLE [GamesVariants] ALTER COLUMN [MaxIterations] INTEGER NOT NULL;
2024-12-03T17:59:19.628Z info: Executing (default): ALTER TABLE [GamesVariants] ALTER COLUMN [MaxIterationTime] INTEGER NOT NULL;
2024-12-03T17:59:19.655Z info: Executing (default): ALTER TABLE [GamesVariants] ALTER COLUMN [MaxLevel] INTEGER NOT NULL;
2024-12-03T17:59:19.685Z info: Executing (default): ALTER TABLE [GamesVariants] ALTER COLUMN [ReductionTimeEachLevel] INTEGER NOT NULL;
2024-12-03T17:59:19.714Z info: Executing (default): ALTER TABLE [GamesVariants] ALTER COLUMN [introAudio] NVARCHAR(255) NULL;
2024-12-03T17:59:19.743Z info: Executing (default): ALTER TABLE [GamesVariants] ALTER COLUMN [IsActive] INTEGER NULL;
2024-12-03T17:59:19.767Z info: Executing (default): ALTER TABLE [GamesVariants] ALTER COLUMN [introAudioText] NVARCHAR(2000) NULL;
2024-12-03T17:59:19.793Z info: Executing (default): ALTER TABLE [GamesVariants] ALTER COLUMN [GameType] NVARCHAR(100) NULL;
2024-12-03T17:59:19.826Z info: Executing (default): EXEC sys.sp_helpindex @objname = N'[GamesVariants]';
2024-12-03T17:59:19.854Z info: Executing (default): SELECT TABLE_NAME, TABLE_SCHEMA FROM INFORMATION_SCHEMA.TABLES WHERE TABLE_TYPE = 'BASE TABLE' AND TABLE_NAME = N'Configs' AND TABLE_SCHEMA = N'dbo'
2024-12-03T17:59:19.879Z info: Executing (default): SELECT c.COLUMN_NAME AS 'Name', c.DATA_TYPE AS 'Type', c.CHARACTER_MAXIMUM_LENGTH AS 'Length', c.IS_NULLABLE as 'IsNull', COLUMN_DEFAULT AS 'Default', pk.CONSTRAINT_TYPE AS 'Constraint', COLUMNPROPERTY(OBJECT_ID('[' + c.TABLE_SCHEMA + '].[' + c.TABLE_NAME + ']'), c.COLUMN_NAME, 'IsIdentity') as 'IsIdentity', CAST(prop.value AS NVARCHAR) AS 'Comment' FROM INFORMATION_SCHEMA.TABLES t INNER JOIN INFORMATION_SCHEMA.COLUMNS c ON t.TABLE_NAME = c.TABLE_NAME AND t.TABLE_SCHEMA = c.TABLE_SCHEMA LEFT JOIN (SELECT tc.table_schema, tc.table_name,  cu.column_name, tc.CONSTRAINT_TYPE  FROM INFORMATION_SCHEMA.TABLE_CONSTRAINTS tc  JOIN INFORMATION_SCHEMA.KEY_COLUMN_USAGE  cu  ON tc.table_schema=cu.table_schema and tc.table_name=cu.table_name  and tc.constraint_name=cu.constraint_name  and tc.CONSTRAINT_TYPE='PRIMARY KEY') pk  ON pk.table_schema=c.table_schema  AND pk.table_name=c.table_name  AND pk.column_name=c.column_name  INNER JOIN sys.columns AS sc ON sc.object_id = OBJECT_ID('[' + t.TABLE_SCHEMA + '].[' + t.TABLE_NAME + ']') AND sc.name = c.column_name LEFT JOIN sys.extended_properties prop ON prop.major_id = sc.object_id AND prop.minor_id = sc.column_id AND prop.name = 'MS_Description' WHERE t.TABLE_NAME = 'Configs'
2024-12-03T17:59:19.880Z info: Executing (default): SELECT constraint_name = OBJ.NAME, constraintName = OBJ.NAME, constraintCatalog = 'games', constraintSchema = SCHEMA_NAME(OBJ.SCHEMA_ID), tableName = TB.NAME, tableSchema = SCHEMA_NAME(TB.SCHEMA_ID), tableCatalog = 'games', columnName = COL.NAME, referencedTableSchema = SCHEMA_NAME(RTB.SCHEMA_ID), referencedCatalog = 'games', referencedTableName = RTB.NAME, referencedColumnName = RCOL.NAME FROM sys.foreign_key_columns FKC INNER JOIN sys.objects OBJ ON OBJ.OBJECT_ID = FKC.CONSTRAINT_OBJECT_ID INNER JOIN sys.tables TB ON TB.OBJECT_ID = FKC.PARENT_OBJECT_ID INNER JOIN sys.columns COL ON COL.COLUMN_ID = PARENT_COLUMN_ID AND COL.OBJECT_ID = TB.OBJECT_ID INNER JOIN sys.tables RTB ON RTB.OBJECT_ID = FKC.REFERENCED_OBJECT_ID INNER JOIN sys.columns RCOL ON RCOL.COLUMN_ID = REFERENCED_COLUMN_ID AND RCOL.OBJECT_ID = RTB.OBJECT_ID WHERE TB.NAME ='Configs'
2024-12-03T17:59:19.927Z info: Executing (default): ALTER TABLE [Configs] ALTER COLUMN [configKey] NVARCHAR(100) NOT NULL;
2024-12-03T17:59:19.955Z info: Executing (default): ALTER TABLE [Configs] ALTER COLUMN [configValue] NVARCHAR(200) NOT NULL;
2024-12-03T17:59:19.983Z info: Executing (default): ALTER TABLE [Configs] ALTER COLUMN [GamesVariantId] INTEGER NULL;
2024-12-03T17:59:20.017Z info: Executing (default): ALTER TABLE [Configs] ALTER COLUMN [isActive] BIT NOT NULL;
2024-12-03T17:59:20.056Z info: Executing (default): ALTER TABLE [Configs] ALTER COLUMN [createdAt] DATETIMEOFFSET NOT NULL;
2024-12-03T17:59:20.083Z info: Executing (default): ALTER TABLE [Configs] ALTER COLUMN [updatedAt] DATETIMEOFFSET NOT NULL;
2024-12-03T17:59:20.109Z info: Executing (default): EXEC sys.sp_helpindex @objname = N'[Configs]';
2024-12-03T17:59:20.135Z info: Executing (default): SELECT TABLE_NAME, TABLE_SCHEMA FROM INFORMATION_SCHEMA.TABLES WHERE TABLE_TYPE = 'BASE TABLE' AND TABLE_NAME = N'Players' AND TABLE_SCHEMA = N'dbo'
2024-12-03T17:59:20.164Z info: Executing (default): SELECT c.COLUMN_NAME AS 'Name', c.DATA_TYPE AS 'Type', c.CHARACTER_MAXIMUM_LENGTH AS 'Length', c.IS_NULLABLE as 'IsNull', COLUMN_DEFAULT AS 'Default', pk.CONSTRAINT_TYPE AS 'Constraint', COLUMNPROPERTY(OBJECT_ID('[' + c.TABLE_SCHEMA + '].[' + c.TABLE_NAME + ']'), c.COLUMN_NAME, 'IsIdentity') as 'IsIdentity', CAST(prop.value AS NVARCHAR) AS 'Comment' FROM INFORMATION_SCHEMA.TABLES t INNER JOIN INFORMATION_SCHEMA.COLUMNS c ON t.TABLE_NAME = c.TABLE_NAME AND t.TABLE_SCHEMA = c.TABLE_SCHEMA LEFT JOIN (SELECT tc.table_schema, tc.table_name,  cu.column_name, tc.CONSTRAINT_TYPE  FROM INFORMATION_SCHEMA.TABLE_CONSTRAINTS tc  JOIN INFORMATION_SCHEMA.KEY_COLUMN_USAGE  cu  ON tc.table_schema=cu.table_schema and tc.table_name=cu.table_name  and tc.constraint_name=cu.constraint_name  and tc.CONSTRAINT_TYPE='PRIMARY KEY') pk  ON pk.table_schema=c.table_schema  AND pk.table_name=c.table_name  AND pk.column_name=c.column_name  INNER JOIN sys.columns AS sc ON sc.object_id = OBJECT_ID('[' + t.TABLE_SCHEMA + '].[' + t.TABLE_NAME + ']') AND sc.name = c.column_name LEFT JOIN sys.extended_properties prop ON prop.major_id = sc.object_id AND prop.minor_id = sc.column_id AND prop.name = 'MS_Description' WHERE t.TABLE_NAME = 'Players'
2024-12-03T17:59:20.165Z info: Executing (default): SELECT constraint_name = OBJ.NAME, constraintName = OBJ.NAME, constraintCatalog = 'games', constraintSchema = SCHEMA_NAME(OBJ.SCHEMA_ID), tableName = TB.NAME, tableSchema = SCHEMA_NAME(TB.SCHEMA_ID), tableCatalog = 'games', columnName = COL.NAME, referencedTableSchema = SCHEMA_NAME(RTB.SCHEMA_ID), referencedCatalog = 'games', referencedTableName = RTB.NAME, referencedColumnName = RCOL.NAME FROM sys.foreign_key_columns FKC INNER JOIN sys.objects OBJ ON OBJ.OBJECT_ID = FKC.CONSTRAINT_OBJECT_ID INNER JOIN sys.tables TB ON TB.OBJECT_ID = FKC.PARENT_OBJECT_ID INNER JOIN sys.columns COL ON COL.COLUMN_ID = PARENT_COLUMN_ID AND COL.OBJECT_ID = TB.OBJECT_ID INNER JOIN sys.tables RTB ON RTB.OBJECT_ID = FKC.REFERENCED_OBJECT_ID INNER JOIN sys.columns RCOL ON RCOL.COLUMN_ID = REFERENCED_COLUMN_ID AND RCOL.OBJECT_ID = RTB.OBJECT_ID WHERE TB.NAME ='Players'
2024-12-03T17:59:20.217Z info: Executing (default): ALTER TABLE [Players] ALTER COLUMN [FirstName] NVARCHAR(100) NOT NULL;
2024-12-03T17:59:20.246Z info: Executing (default): ALTER TABLE [Players] ALTER COLUMN [LastName] NVARCHAR(100) NOT NULL;
2024-12-03T17:59:20.278Z info: Executing (default): ALTER TABLE [Players] ALTER COLUMN [DateOfBirth] DATETIMEOFFSET NULL;
2024-12-03T17:59:20.309Z info: Executing (default): ALTER TABLE [Players] ALTER COLUMN [email] NVARCHAR(100) NULL;
2024-12-03T17:59:20.339Z info: Executing (default): ALTER TABLE [Players] ALTER COLUMN [createdAt] DATETIMEOFFSET NOT NULL;
2024-12-03T17:59:20.369Z info: Executing (default): ALTER TABLE [Players] ALTER COLUMN [updatedAt] DATETIMEOFFSET NOT NULL;
2024-12-03T17:59:20.398Z info: Executing (default): ALTER TABLE [Players] ALTER COLUMN [Signature] NVARCHAR(MAX) NULL;
2024-12-03T17:59:20.426Z info: Executing (default): ALTER TABLE [Players] ALTER COLUMN [DateSigned] DATETIMEOFFSET NULL;
2024-12-03T17:59:20.473Z info: Executing (default): ALTER TABLE [Players] DROP CONSTRAINT [FK__Players__SigneeI__621B6E8C]
2024-12-03T17:59:20.509Z info: MSSQL does not support self referencial constraints, we will remove it but we recommend restructuring your query
2024-12-03T17:59:20.509Z info: Executing (default): ALTER TABLE [Players] ADD FOREIGN KEY ([SigneeID]) REFERENCES [Players] ([PlayerID]);
2024-12-03T17:59:20.546Z info: Executing (default): EXEC sys.sp_helpindex @objname = N'[Players]';
2024-12-03T17:59:20.574Z info: Executing (default): SELECT TABLE_NAME, TABLE_SCHEMA FROM INFORMATION_SCHEMA.TABLES WHERE TABLE_TYPE = 'BASE TABLE' AND TABLE_NAME = N'WristbandTrans' AND TABLE_SCHEMA = N'dbo'
2024-12-03T17:59:20.603Z info: Executing (default): SELECT c.COLUMN_NAME AS 'Name', c.DATA_TYPE AS 'Type', c.CHARACTER_MAXIMUM_LENGTH AS 'Length', c.IS_NULLABLE as 'IsNull', COLUMN_DEFAULT AS 'Default', pk.CONSTRAINT_TYPE AS 'Constraint', COLUMNPROPERTY(OBJECT_ID('[' + c.TABLE_SCHEMA + '].[' + c.TABLE_NAME + ']'), c.COLUMN_NAME, 'IsIdentity') as 'IsIdentity', CAST(prop.value AS NVARCHAR) AS 'Comment' FROM INFORMATION_SCHEMA.TABLES t INNER JOIN INFORMATION_SCHEMA.COLUMNS c ON t.TABLE_NAME = c.TABLE_NAME AND t.TABLE_SCHEMA = c.TABLE_SCHEMA LEFT JOIN (SELECT tc.table_schema, tc.table_name,  cu.column_name, tc.CONSTRAINT_TYPE  FROM INFORMATION_SCHEMA.TABLE_CONSTRAINTS tc  JOIN INFORMATION_SCHEMA.KEY_COLUMN_USAGE  cu  ON tc.table_schema=cu.table_schema and tc.table_name=cu.table_name  and tc.constraint_name=cu.constraint_name  and tc.CONSTRAINT_TYPE='PRIMARY KEY') pk  ON pk.table_schema=c.table_schema  AND pk.table_name=c.table_name  AND pk.column_name=c.column_name  INNER JOIN sys.columns AS sc ON sc.object_id = OBJECT_ID('[' + t.TABLE_SCHEMA + '].[' + t.TABLE_NAME + ']') AND sc.name = c.column_name LEFT JOIN sys.extended_properties prop ON prop.major_id = sc.object_id AND prop.minor_id = sc.column_id AND prop.name = 'MS_Description' WHERE t.TABLE_NAME = 'WristbandTrans'
2024-12-03T17:59:20.604Z info: Executing (default): SELECT constraint_name = OBJ.NAME, constraintName = OBJ.NAME, constraintCatalog = 'games', constraintSchema = SCHEMA_NAME(OBJ.SCHEMA_ID), tableName = TB.NAME, tableSchema = SCHEMA_NAME(TB.SCHEMA_ID), tableCatalog = 'games', columnName = COL.NAME, referencedTableSchema = SCHEMA_NAME(RTB.SCHEMA_ID), referencedCatalog = 'games', referencedTableName = RTB.NAME, referencedColumnName = RCOL.NAME FROM sys.foreign_key_columns FKC INNER JOIN sys.objects OBJ ON OBJ.OBJECT_ID = FKC.CONSTRAINT_OBJECT_ID INNER JOIN sys.tables TB ON TB.OBJECT_ID = FKC.PARENT_OBJECT_ID INNER JOIN sys.columns COL ON COL.COLUMN_ID = PARENT_COLUMN_ID AND COL.OBJECT_ID = TB.OBJECT_ID INNER JOIN sys.tables RTB ON RTB.OBJECT_ID = FKC.REFERENCED_OBJECT_ID INNER JOIN sys.columns RCOL ON RCOL.COLUMN_ID = REFERENCED_COLUMN_ID AND RCOL.OBJECT_ID = RTB.OBJECT_ID WHERE TB.NAME ='WristbandTrans'
2024-12-03T17:59:20.671Z info: Executing (default): ALTER TABLE [WristbandTrans] ALTER COLUMN [src] NVARCHAR(50) NULL;
2024-12-03T17:59:20.701Z info: Executing (default): ALTER TABLE [WristbandTrans] ALTER COLUMN [wristbandCode] NVARCHAR(200) NULL;
2024-12-03T17:59:20.727Z info: Executing (default): ALTER TABLE [WristbandTrans] ALTER COLUMN [PosBookingid] INTEGER NULL;
2024-12-03T17:59:20.755Z info: Executing (default): ALTER TABLE [WristbandTrans] ALTER COLUMN [WristbandTranDate] DATETIMEOFFSET NULL;
2024-12-03T17:59:20.785Z info: Executing (default): ALTER TABLE [WristbandTrans] ALTER COLUMN [wristbandStatusFlag] NVARCHAR(1) NULL;
2024-12-03T17:59:20.819Z info: Executing (default): ALTER TABLE [WristbandTrans] ALTER COLUMN [CreatedDate] DATETIMEOFFSET NULL;
2024-12-03T17:59:20.847Z info: Executing (default): ALTER TABLE [WristbandTrans] ALTER COLUMN [GameroomTypeId] INTEGER NULL;
2024-12-03T17:59:20.873Z info: Executing (default): ALTER TABLE [WristbandTrans] ALTER COLUMN [updateDateTime] DATETIMEOFFSET NULL;
2024-12-03T17:59:20.897Z info: Executing (default): ALTER TABLE [WristbandTrans] ALTER COLUMN [createdAt] DATETIMEOFFSET NOT NULL;
2024-12-03T17:59:20.925Z info: Executing (default): ALTER TABLE [WristbandTrans] ALTER COLUMN [updatedAt] DATETIMEOFFSET NOT NULL;
2024-12-03T17:59:20.953Z info: Executing (default): ALTER TABLE [WristbandTrans] DROP CONSTRAINT [FK__Wristband__Playe__630F92C5]
2024-12-03T17:59:20.983Z info: Executing (default): ALTER TABLE [WristbandTrans] ADD FOREIGN KEY ([PlayerID]) REFERENCES [Players] ([PlayerID]) ON DELETE CASCADE;
2024-12-03T17:59:21.015Z info: Executing (default): ALTER TABLE [WristbandTrans] ALTER COLUMN [count] INTEGER NULL;
2024-12-03T17:59:21.039Z info: Executing (default): ALTER TABLE [WristbandTrans] ALTER COLUMN [playerStartTime] DATETIMEOFFSET NULL;
2024-12-03T17:59:21.069Z info: Executing (default): ALTER TABLE [WristbandTrans] ALTER COLUMN [playerEndTime] DATETIMEOFFSET NULL;
2024-12-03T17:59:21.097Z info: Executing (default): EXEC sys.sp_helpindex @objname = N'[WristbandTrans]';
2024-12-03T17:59:21.126Z info: Executing (default): SELECT TABLE_NAME, TABLE_SCHEMA FROM INFORMATION_SCHEMA.TABLES WHERE TABLE_TYPE = 'BASE TABLE' AND TABLE_NAME = N'Notifications' AND TABLE_SCHEMA = N'dbo'
2024-12-03T17:59:21.152Z info: Executing (default): SELECT c.COLUMN_NAME AS 'Name', c.DATA_TYPE AS 'Type', c.CHARACTER_MAXIMUM_LENGTH AS 'Length', c.IS_NULLABLE as 'IsNull', COLUMN_DEFAULT AS 'Default', pk.CONSTRAINT_TYPE AS 'Constraint', COLUMNPROPERTY(OBJECT_ID('[' + c.TABLE_SCHEMA + '].[' + c.TABLE_NAME + ']'), c.COLUMN_NAME, 'IsIdentity') as 'IsIdentity', CAST(prop.value AS NVARCHAR) AS 'Comment' FROM INFORMATION_SCHEMA.TABLES t INNER JOIN INFORMATION_SCHEMA.COLUMNS c ON t.TABLE_NAME = c.TABLE_NAME AND t.TABLE_SCHEMA = c.TABLE_SCHEMA LEFT JOIN (SELECT tc.table_schema, tc.table_name,  cu.column_name, tc.CONSTRAINT_TYPE  FROM INFORMATION_SCHEMA.TABLE_CONSTRAINTS tc  JOIN INFORMATION_SCHEMA.KEY_COLUMN_USAGE  cu  ON tc.table_schema=cu.table_schema and tc.table_name=cu.table_name  and tc.constraint_name=cu.constraint_name  and tc.CONSTRAINT_TYPE='PRIMARY KEY') pk  ON pk.table_schema=c.table_schema  AND pk.table_name=c.table_name  AND pk.column_name=c.column_name  INNER JOIN sys.columns AS sc ON sc.object_id = OBJECT_ID('[' + t.TABLE_SCHEMA + '].[' + t.TABLE_NAME + ']') AND sc.name = c.column_name LEFT JOIN sys.extended_properties prop ON prop.major_id = sc.object_id AND prop.minor_id = sc.column_id AND prop.name = 'MS_Description' WHERE t.TABLE_NAME = 'Notifications'
2024-12-03T17:59:21.153Z info: Executing (default): SELECT constraint_name = OBJ.NAME, constraintName = OBJ.NAME, constraintCatalog = 'games', constraintSchema = SCHEMA_NAME(OBJ.SCHEMA_ID), tableName = TB.NAME, tableSchema = SCHEMA_NAME(TB.SCHEMA_ID), tableCatalog = 'games', columnName = COL.NAME, referencedTableSchema = SCHEMA_NAME(RTB.SCHEMA_ID), referencedCatalog = 'games', referencedTableName = RTB.NAME, referencedColumnName = RCOL.NAME FROM sys.foreign_key_columns FKC INNER JOIN sys.objects OBJ ON OBJ.OBJECT_ID = FKC.CONSTRAINT_OBJECT_ID INNER JOIN sys.tables TB ON TB.OBJECT_ID = FKC.PARENT_OBJECT_ID INNER JOIN sys.columns COL ON COL.COLUMN_ID = PARENT_COLUMN_ID AND COL.OBJECT_ID = TB.OBJECT_ID INNER JOIN sys.tables RTB ON RTB.OBJECT_ID = FKC.REFERENCED_OBJECT_ID INNER JOIN sys.columns RCOL ON RCOL.COLUMN_ID = REFERENCED_COLUMN_ID AND RCOL.OBJECT_ID = RTB.OBJECT_ID WHERE TB.NAME ='Notifications'
2024-12-03T17:59:21.196Z info: Executing (default): ALTER TABLE [Notifications] DROP CONSTRAINT [FK__Notificat__Wrist__6403B6FE]
2024-12-03T17:59:21.225Z info: Executing (default): ALTER TABLE [Notifications] ADD FOREIGN KEY ([WristbandTranID]) REFERENCES [WristbandTrans] ([WristbandTranID]);
2024-12-03T17:59:21.255Z info: Executing (default): ALTER TABLE [Notifications] DROP CONSTRAINT [FK__Notificat__GameI__64F7DB37]
2024-12-03T17:59:21.281Z info: Executing (default): ALTER TABLE [Notifications] ADD FOREIGN KEY ([GameID]) REFERENCES [Games] ([GameID]);
2024-12-03T17:59:21.313Z info: Executing (default): ALTER TABLE [Notifications] ALTER COLUMN [NotificationType] NVARCHAR(100) NOT NULL;
2024-12-03T17:59:21.341Z info: Executing (default): ALTER TABLE [Notifications] ALTER COLUMN [NotificationValue] NVARCHAR(MAX) NOT NULL;
2024-12-03T17:59:21.374Z info: Executing (default): ALTER TABLE [Notifications] ALTER COLUMN [createdAt] DATETIMEOFFSET NOT NULL;
2024-12-03T17:59:21.401Z info: Executing (default): ALTER TABLE [Notifications] ALTER COLUMN [updatedAt] DATETIMEOFFSET NOT NULL;
2024-12-03T17:59:21.429Z info: Executing (default): EXEC sys.sp_helpindex @objname = N'[Notifications]';
2024-12-03T17:59:21.463Z info: Executing (default): SELECT TABLE_NAME, TABLE_SCHEMA FROM INFORMATION_SCHEMA.TABLES WHERE TABLE_TYPE = 'BASE TABLE' AND TABLE_NAME = N'PlayerScores' AND TABLE_SCHEMA = N'dbo'
2024-12-03T17:59:21.493Z info: Executing (default): SELECT c.COLUMN_NAME AS 'Name', c.DATA_TYPE AS 'Type', c.CHARACTER_MAXIMUM_LENGTH AS 'Length', c.IS_NULLABLE as 'IsNull', COLUMN_DEFAULT AS 'Default', pk.CONSTRAINT_TYPE AS 'Constraint', COLUMNPROPERTY(OBJECT_ID('[' + c.TABLE_SCHEMA + '].[' + c.TABLE_NAME + ']'), c.COLUMN_NAME, 'IsIdentity') as 'IsIdentity', CAST(prop.value AS NVARCHAR) AS 'Comment' FROM INFORMATION_SCHEMA.TABLES t INNER JOIN INFORMATION_SCHEMA.COLUMNS c ON t.TABLE_NAME = c.TABLE_NAME AND t.TABLE_SCHEMA = c.TABLE_SCHEMA LEFT JOIN (SELECT tc.table_schema, tc.table_name,  cu.column_name, tc.CONSTRAINT_TYPE  FROM INFORMATION_SCHEMA.TABLE_CONSTRAINTS tc  JOIN INFORMATION_SCHEMA.KEY_COLUMN_USAGE  cu  ON tc.table_schema=cu.table_schema and tc.table_name=cu.table_name  and tc.constraint_name=cu.constraint_name  and tc.CONSTRAINT_TYPE='PRIMARY KEY') pk  ON pk.table_schema=c.table_schema  AND pk.table_name=c.table_name  AND pk.column_name=c.column_name  INNER JOIN sys.columns AS sc ON sc.object_id = OBJECT_ID('[' + t.TABLE_SCHEMA + '].[' + t.TABLE_NAME + ']') AND sc.name = c.column_name LEFT JOIN sys.extended_properties prop ON prop.major_id = sc.object_id AND prop.minor_id = sc.column_id AND prop.name = 'MS_Description' WHERE t.TABLE_NAME = 'PlayerScores'
2024-12-03T17:59:21.494Z info: Executing (default): SELECT constraint_name = OBJ.NAME, constraintName = OBJ.NAME, constraintCatalog = 'games', constraintSchema = SCHEMA_NAME(OBJ.SCHEMA_ID), tableName = TB.NAME, tableSchema = SCHEMA_NAME(TB.SCHEMA_ID), tableCatalog = 'games', columnName = COL.NAME, referencedTableSchema = SCHEMA_NAME(RTB.SCHEMA_ID), referencedCatalog = 'games', referencedTableName = RTB.NAME, referencedColumnName = RCOL.NAME FROM sys.foreign_key_columns FKC INNER JOIN sys.objects OBJ ON OBJ.OBJECT_ID = FKC.CONSTRAINT_OBJECT_ID INNER JOIN sys.tables TB ON TB.OBJECT_ID = FKC.PARENT_OBJECT_ID INNER JOIN sys.columns COL ON COL.COLUMN_ID = PARENT_COLUMN_ID AND COL.OBJECT_ID = TB.OBJECT_ID INNER JOIN sys.tables RTB ON RTB.OBJECT_ID = FKC.REFERENCED_OBJECT_ID INNER JOIN sys.columns RCOL ON RCOL.COLUMN_ID = REFERENCED_COLUMN_ID AND RCOL.OBJECT_ID = RTB.OBJECT_ID WHERE TB.NAME ='PlayerScores'
2024-12-03T17:59:21.555Z info: Executing (default): ALTER TABLE [PlayerScores] DROP CONSTRAINT [FK__PlayerSco__Playe__65EBFF70]
2024-12-03T17:59:21.586Z info: Executing (default): ALTER TABLE [PlayerScores] ADD FOREIGN KEY ([PlayerID]) REFERENCES [Players] ([PlayerID]) ON DELETE CASCADE;
2024-12-03T17:59:21.627Z info: Executing (default): ALTER TABLE [PlayerScores] ALTER COLUMN [GameID] INTEGER NOT NULL;
2024-12-03T17:59:21.655Z info: Executing (default): ALTER TABLE [PlayerScores] ALTER COLUMN [GamesVariantId] INTEGER NOT NULL;
2024-12-03T17:59:21.681Z info: Executing (default): ALTER TABLE [PlayerScores] ALTER COLUMN [WristbandTranID] INTEGER NOT NULL;
2024-12-03T17:59:21.707Z info: Executing (default): ALTER TABLE [PlayerScores] ALTER COLUMN [LevelPlayed] NVARCHAR(100) NULL;
2024-12-03T17:59:21.733Z info: Executing (default): ALTER TABLE [PlayerScores] ALTER COLUMN [Points] INTEGER NOT NULL;
2024-12-03T17:59:21.761Z info: Executing (default): ALTER TABLE [PlayerScores] ALTER COLUMN [StartTime] DATETIMEOFFSET NULL;
2024-12-03T17:59:21.791Z info: Executing (default): ALTER TABLE [PlayerScores] ALTER COLUMN [EndTime] DATETIMEOFFSET NULL;
2024-12-03T17:59:21.821Z info: Executing (default): ALTER TABLE [PlayerScores] ALTER COLUMN [createdAt] DATETIMEOFFSET NOT NULL;
2024-12-03T17:59:21.849Z info: Executing (default): ALTER TABLE [PlayerScores] ALTER COLUMN [updatedAt] DATETIMEOFFSET NOT NULL;
2024-12-03T17:59:21.875Z info: Executing (default): ALTER TABLE [PlayerScores] ALTER COLUMN [numberOfPlayers] INTEGER NULL;
2024-12-03T17:59:21.901Z info: Executing (default): EXEC sys.sp_helpindex @objname = N'[PlayerScores]';
2024-12-03T17:59:21.929Z info: Database synchronized successfully!
2024-12-03T17:59:30.490Z info: Attempt 1
2024-12-03T17:59:30.495Z info: Executing (default): SELECT [Points] FROM [PlayerScores] AS [PlayerScore] WHERE [PlayerScore].[GamesVariantId] = N'8' AND [PlayerScore].[PlayerID] = N'10' AND [PlayerScore].[StartTime] >= N'2024-01-01 05:00:00.000 +00:00' ORDER BY [PlayerScore].[Points] DESC OFFSET 0 ROWS FETCH NEXT 1 ROWS ONLY;
2024-12-03T17:59:30.532Z info: GET /api/playerScore/getTopScoreForPlayer/8/10 200 42.21 ms
2024-12-03T18:01:42.153Z info: Server is running on port 8080
2024-12-03T18:01:44.871Z error: Attempt 1 failed: Failed to connect to url_to_database:1433 - getaddrinfo ENOTFOUND url_to_database
2024-12-03T18:01:44.872Z info: Retrying in 3 seconds...
2024-12-03T18:01:50.586Z error: Attempt 2 failed: Failed to connect to url_to_database:1433 - getaddrinfo ENOTFOUND url_to_database
2024-12-03T18:01:50.587Z info: Retrying in 3 seconds...
